# JRE version: OpenJDK Runtime Environment Temurin-11.0.12+7 (11.0.12+7) (build 11.0.12+7)
# Java VM: OpenJDK 64-Bit Server VM Temurin-11.0.12+7 (11.0.12+7, mixed mode, tiered, compressed oops, g1 gc, bsd-amd64)
Heap:
 garbage-first heap   total 131072K, used 68519K [0x0000000780000000, 0x0000000800000000)
  region size 1024K, 60 young (61440K), 5 survivors (5120K)
 Metaspace       used 32438K, capacity 33684K, committed 33792K, reserved 1079296K
  class space    used 3954K, capacity 4509K, committed 4608K, reserved 1048576K
GC Heap History (6 events):
Event: 1.003 GC heap before
{Heap before GC invocations=0 (full 0):
 garbage-first heap   total 131072K, used 23552K [0x0000000780000000, 0x0000000800000000)
  region size 1024K, 24 young (24576K), 0 survivors (0K)
 Metaspace       used 13087K, capacity 13455K, committed 13696K, reserved 1060864K
  class space    used 1422K, capacity 1577K, committed 1664K, reserved 1048576K
}
Event: 1.013 GC heap after
{Heap after GC invocations=1 (full 0):
 garbage-first heap   total 131072K, used 3421K [0x0000000780000000, 0x0000000800000000)
  region size 1024K, 3 young (3072K), 3 survivors (3072K)
 Metaspace       used 13087K, capacity 13455K, committed 13696K, reserved 1060864K
  class space    used 1422K, capacity 1577K, committed 1664K, reserved 1048576K
}
Event: 1.978 GC heap before
{Heap before GC invocations=1 (full 0):
 garbage-first heap   total 131072K, used 29021K [0x0000000780000000, 0x0000000800000000)
  region size 1024K, 29 young (29696K), 3 survivors (3072K)
 Metaspace       used 20671K, capacity 21201K, committed 21248K, reserved 1067008K
  class space    used 2547K, capacity 2789K, committed 2816K, reserved 1048576K
}
Event: 1.991 GC heap after
{Heap after GC invocations=2 (full 0):
 garbage-first heap   total 131072K, used 6588K [0x0000000780000000, 0x0000000800000000)
  region size 1024K, 7 young (7168K), 7 survivors (7168K)
 Metaspace       used 20671K, capacity 21201K, committed 21248K, reserved 1067008K
  class space    used 2547K, capacity 2789K, committed 2816K, reserved 1048576K
}
Event: 5.707 GC heap before
{Heap before GC invocations=3 (full 0):
 garbage-first heap   total 131072K, used 48572K [0x0000000780000000, 0x0000000800000000)
  region size 1024K, 47 young (48128K), 7 survivors (7168K)
 Metaspace       used 29378K, capacity 30503K, committed 30848K, reserved 1075200K
  class space    used 3649K, capacity 4141K, committed 4224K, reserved 1048576K
}
Event: 5.728 GC heap after
{Heap after GC invocations=4 (full 0):
 garbage-first heap   total 131072K, used 13223K [0x0000000780000000, 0x0000000800000000)
  region size 1024K, 5 young (5120K), 5 survivors (5120K)
 Metaspace       used 29378K, capacity 30503K, committed 30848K, reserved 1075200K
  class space    used 3649K, capacity 4141K, committed 4224K, reserved 1048576K
}

