# JRE version: OpenJDK Runtime Environment Temurin-11.0.12+7 (11.0.12+7) (build 11.0.12+7)
# Java VM: OpenJDK 64-Bit Server VM Temurin-11.0.12+7 (11.0.12+7, mixed mode, tiered, compressed oops, g1 gc, bsd-amd64)
Heap:
 garbage-first heap   total 131072K, used 53838K [0x0000000780000000, 0x0000000800000000)
  region size 1024K, 47 young (48128K), 5 survivors (5120K)
 Metaspace       used 31935K, capacity 33148K, committed 33404K, reserved 1079296K
  class space    used 3914K, capacity 4439K, committed 4476K, reserved 1048576K
GC Heap History (6 events):
Event: 1.129 GC heap before
{Heap before GC invocations=0 (full 0):
 garbage-first heap   total 131072K, used 23552K [0x0000000780000000, 0x0000000800000000)
  region size 1024K, 24 young (24576K), 0 survivors (0K)
 Metaspace       used 12822K, capacity 13199K, committed 13312K, reserved 1060864K
  class space    used 1379K, capacity 1513K, committed 1536K, reserved 1048576K
}
Event: 1.142 GC heap after
{Heap after GC invocations=1 (full 0):
 garbage-first heap   total 131072K, used 3603K [0x0000000780000000, 0x0000000800000000)
  region size 1024K, 3 young (3072K), 3 survivors (3072K)
 Metaspace       used 12822K, capacity 13199K, committed 13312K, reserved 1060864K
  class space    used 1379K, capacity 1513K, committed 1536K, reserved 1048576K
}
Event: 2.181 GC heap before
{Heap before GC invocations=1 (full 0):
 garbage-first heap   total 131072K, used 29203K [0x0000000780000000, 0x0000000800000000)
  region size 1024K, 29 young (29696K), 3 survivors (3072K)
 Metaspace       used 20674K, capacity 21201K, committed 21248K, reserved 1067008K
  class space    used 2548K, capacity 2789K, committed 2816K, reserved 1048576K
}
Event: 2.190 GC heap after
{Heap after GC invocations=2 (full 0):
 garbage-first heap   total 131072K, used 7047K [0x0000000780000000, 0x0000000800000000)
  region size 1024K, 7 young (7168K), 7 survivors (7168K)
 Metaspace       used 20674K, capacity 21201K, committed 21248K, reserved 1067008K
  class space    used 2548K, capacity 2789K, committed 2816K, reserved 1048576K
}
Event: 5.960 GC heap before
{Heap before GC invocations=3 (full 0):
 garbage-first heap   total 131072K, used 45959K [0x0000000780000000, 0x0000000800000000)
  region size 1024K, 44 young (45056K), 7 survivors (7168K)
 Metaspace       used 27747K, capacity 28804K, committed 29052K, reserved 1075200K
  class space    used 3438K, capacity 3916K, committed 3964K, reserved 1048576K
}
Event: 5.981 GC heap after
{Heap after GC invocations=4 (full 0):
 garbage-first heap   total 131072K, used 12878K [0x0000000780000000, 0x0000000800000000)
  region size 1024K, 5 young (5120K), 5 survivors (5120K)
 Metaspace       used 27747K, capacity 28804K, committed 29052K, reserved 1075200K
  class space    used 3438K, capacity 3916K, committed 3964K, reserved 1048576K
}

