# JRE version: OpenJDK Runtime Environment Temurin-11.0.12+7 (11.0.12+7) (build 11.0.12+7)
# Java VM: OpenJDK 64-Bit Server VM Temurin-11.0.12+7 (11.0.12+7, mixed mode, tiered, compressed oops, g1 gc, bsd-amd64)
Heap:
 garbage-first heap   total 131072K, used 56297K [0x0000000780000000, 0x0000000800000000)
  region size 1024K, 48 young (49152K), 5 survivors (5120K)
 Metaspace       used 32245K, capacity 33426K, committed 33664K, reserved 1079296K
  class space    used 3919K, capacity 4445K, committed 4480K, reserved 1048576K
GC Heap History (6 events):
Event: 1.024 GC heap before
{Heap before GC invocations=0 (full 0):
 garbage-first heap   total 131072K, used 23552K [0x0000000780000000, 0x0000000800000000)
  region size 1024K, 24 young (24576K), 0 survivors (0K)
 Metaspace       used 13104K, capacity 13455K, committed 13696K, reserved 1060864K
  class space    used 1422K, capacity 1577K, committed 1664K, reserved 1048576K
}
Event: 1.034 GC heap after
{Heap after GC invocations=1 (full 0):
 garbage-first heap   total 131072K, used 3064K [0x0000000780000000, 0x0000000800000000)
  region size 1024K, 3 young (3072K), 3 survivors (3072K)
 Metaspace       used 13104K, capacity 13455K, committed 13696K, reserved 1060864K
  class space    used 1422K, capacity 1577K, committed 1664K, reserved 1048576K
}
Event: 2.079 GC heap before
{Heap before GC invocations=1 (full 0):
 garbage-first heap   total 131072K, used 27640K [0x0000000780000000, 0x0000000800000000)
  region size 1024K, 28 young (28672K), 3 survivors (3072K)
 Metaspace       used 20611K, capacity 21135K, committed 21248K, reserved 1067008K
  class space    used 2536K, capacity 2788K, committed 2816K, reserved 1048576K
}
Event: 2.097 GC heap after
{Heap after GC invocations=2 (full 0):
 garbage-first heap   total 131072K, used 6625K [0x0000000780000000, 0x0000000800000000)
  region size 1024K, 7 young (7168K), 7 survivors (7168K)
 Metaspace       used 20611K, capacity 21135K, committed 21248K, reserved 1067008K
  class space    used 2536K, capacity 2788K, committed 2816K, reserved 1048576K
}
Event: 6.416 GC heap before
{Heap before GC invocations=3 (full 0):
 garbage-first heap   total 131072K, used 48609K [0x0000000780000000, 0x0000000800000000)
  region size 1024K, 47 young (48128K), 7 survivors (7168K)
 Metaspace       used 29461K, capacity 30505K, committed 30848K, reserved 1075200K
  class space    used 3647K, capacity 4141K, committed 4224K, reserved 1048576K
}
Event: 6.436 GC heap after
{Heap after GC invocations=4 (full 0):
 garbage-first heap   total 131072K, used 13289K [0x0000000780000000, 0x0000000800000000)
  region size 1024K, 5 young (5120K), 5 survivors (5120K)
 Metaspace       used 29461K, capacity 30505K, committed 30848K, reserved 1075200K
  class space    used 3647K, capacity 4141K, committed 4224K, reserved 1048576K
}

